{"level":"info","message":"Using Memory store for rate limiting (no REDIS_URL provided)","service":"webfixer-api"}
{"level":"info","message":"POST /api/auth/register","service":"webfixer-api"}
{"level":"info","message":"POST /api/auth/register","service":"webfixer-api"}
{"level":"info","message":"POST /api/auth/login","service":"webfixer-api"}
{"level":"info","message":"POST /api/auth/register","service":"webfixer-api"}
{"level":"info","message":"POST /api/auth/register","service":"webfixer-api"}
{"level":"info","message":"POST /api/auth/register","service":"webfixer-api"}
{"level":"info","message":"POST /api/auth/register","service":"webfixer-api"}
{"level":"info","message":"POST /api/auth/register","service":"webfixer-api"}
{"level":"info","message":"POST /api/auth/login","service":"webfixer-api"}
{"level":"info","message":"POST /api/auth/login","service":"webfixer-api"}
{"level":"info","message":"POST /api/auth/register","service":"webfixer-api"}
{"level":"info","message":"POST /api/auth/login","service":"webfixer-api"}
{"level":"info","message":"POST /api/auth/login","service":"webfixer-api"}
{"level":"info","message":"POST /api/auth/register","service":"webfixer-api"}
{"level":"info","message":"POST /api/auth/login","service":"webfixer-api"}
{"level":"info","message":"POST /api/auth/login","service":"webfixer-api"}
{"level":"info","message":"POST /api/auth/register","service":"webfixer-api"}
{"level":"info","message":"POST /api/auth/login","service":"webfixer-api"}
{"level":"info","message":"POST /api/auth/login","service":"webfixer-api"}
{"level":"info","message":"POST /api/auth/register","service":"webfixer-api"}
{"level":"info","message":"POST /api/auth/login","service":"webfixer-api"}
{"level":"info","message":"POST /api/auth/logout","service":"webfixer-api"}
{"level":"info","message":"POST /api/auth/register","service":"webfixer-api"}
{"level":"info","message":"POST /api/auth/login","service":"webfixer-api"}
{"level":"info","message":"POST /api/auth/logout","service":"webfixer-api"}
{"level":"info","message":"GET /api/user/profile","service":"webfixer-api"}
{"level":"info","message":"POST /api/auth/logout","service":"webfixer-api"}
{"level":"info","message":"POST /api/auth/register","service":"webfixer-api"}
{"level":"info","message":"POST /api/auth/login","service":"webfixer-api"}
{"level":"info","message":"POST /api/auth/forgot-password","service":"webfixer-api"}
{"level":"info","message":"POST /api/auth/forgot-password","service":"webfixer-api"}
{"level":"info","message":"POST /api/auth/register","service":"webfixer-api"}
{"level":"info","message":"POST /api/auth/login","service":"webfixer-api"}
{"level":"info","message":"POST /api/auth/forgot-password","service":"webfixer-api"}
{"level":"info","message":"POST /api/auth/reset-password","service":"webfixer-api"}
{"level":"info","message":"POST /api/auth/register","service":"webfixer-api"}
{"level":"info","message":"POST /api/auth/login","service":"webfixer-api"}
{"level":"info","message":"POST /api/auth/forgot-password","service":"webfixer-api"}
{"level":"info","message":"POST /api/auth/reset-password","service":"webfixer-api"}
{"level":"info","message":"POST /api/auth/reset-password","service":"webfixer-api"}
{"level":"info","message":"POST /api/auth/register","service":"webfixer-api"}
{"level":"info","message":"POST /api/auth/login","service":"webfixer-api"}
{"level":"info","message":"POST /api/auth/reset-password","service":"webfixer-api"}
{"level":"info","message":"POST /api/auth/register","service":"webfixer-api"}
{"level":"info","message":"POST /api/auth/login","service":"webfixer-api"}
{"level":"info","message":"GET /api/user/profile","service":"webfixer-api"}
{"level":"info","message":"GET /api/user/profile","service":"webfixer-api"}
{"level":"info","message":"POST /api/auth/register","service":"webfixer-api"}
{"level":"info","message":"POST /api/auth/login","service":"webfixer-api"}
{"level":"info","message":"PUT /api/user/profile","service":"webfixer-api"}
{"level":"info","message":"POST /api/auth/register","service":"webfixer-api"}
{"level":"info","message":"POST /api/auth/login","service":"webfixer-api"}
{"level":"info","message":"PUT /api/user/change-password","service":"webfixer-api"}
{"level":"info","message":"POST /api/auth/register","service":"webfixer-api"}
{"level":"info","message":"POST /api/auth/login","service":"webfixer-api"}
{"level":"info","message":"PUT /api/user/change-password","service":"webfixer-api"}
{"level":"info","message":"POST /api/auth/register","service":"webfixer-api"}
{"level":"info","message":"POST /api/auth/login","service":"webfixer-api"}
{"level":"info","message":"DELETE /api/user/account","service":"webfixer-api"}
{"level":"info","message":"POST /api/auth/register","service":"webfixer-api"}
{"level":"info","message":"POST /api/auth/login","service":"webfixer-api"}
{"level":"info","message":"DELETE /api/user/account","service":"webfixer-api"}
{"level":"info","message":"POST /api/auth/register","service":"webfixer-api"}
{"level":"info","message":"POST /api/auth/register","service":"webfixer-api"}
{"level":"info","message":"POST /api/auth/login","service":"webfixer-api"}
{"level":"info","message":"PATCH /api/admin/users/46f8a2fd-3769-4484-b091-58686edd2ee6/block","service":"webfixer-api"}
{"level":"info","message":"POST /api/auth/register","service":"webfixer-api"}
{"level":"info","message":"POST /api/auth/register","service":"webfixer-api"}
{"level":"info","message":"POST /api/auth/login","service":"webfixer-api"}
{"level":"info","message":"PATCH /api/admin/users/49c67356-6535-4211-8e1e-9481eb0c1f75/block","service":"webfixer-api"}
{"level":"info","message":"POST /api/auth/login","service":"webfixer-api"}
{"level":"info","message":"POST /api/auth/register","service":"webfixer-api"}
{"level":"info","message":"POST /api/auth/register","service":"webfixer-api"}
{"level":"info","message":"POST /api/auth/login","service":"webfixer-api"}
{"level":"info","message":"PATCH /api/admin/users/db96d77d-9a5b-4d0c-9d09-f68010ad3239/block","service":"webfixer-api"}
{"level":"info","message":"PATCH /api/admin/users/db96d77d-9a5b-4d0c-9d09-f68010ad3239/block","service":"webfixer-api"}
{"level":"info","message":"POST /api/auth/register","service":"webfixer-api"}
{"level":"info","message":"POST /api/auth/login","service":"webfixer-api"}
{"level":"info","message":"POST /api/auth/register","service":"webfixer-api"}
{"level":"info","message":"POST /api/auth/login","service":"webfixer-api"}
{"level":"info","message":"PATCH /api/admin/users/fc118baf-ecdd-47d2-9011-2247f015104e/block","service":"webfixer-api"}
{"level":"info","message":"POST /api/auth/register","service":"webfixer-api"}
{"level":"info","message":"GET /api/admin/analytics","service":"webfixer-api"}
{"level":"info","message":"POST /api/auth/register","service":"webfixer-api"}
{"level":"info","message":"POST /api/auth/login","service":"webfixer-api"}
{"level":"info","message":"GET /api/admin/analytics","service":"webfixer-api"}
{"level":"info","message":"POST /api/auth/register","service":"webfixer-api"}
{"level":"info","message":"GET /api/admin/logs","service":"webfixer-api"}
{"level":"info","message":"POST /api/auth/register","service":"webfixer-api"}
{"level":"info","message":"POST /api/auth/login","service":"webfixer-api"}
{"level":"info","message":"GET /api/admin/logs","service":"webfixer-api"}
{"level":"info","message":"POST /api/auth/register","service":"webfixer-api"}
{"level":"info","message":"POST /api/auth/register","service":"webfixer-api"}
{"level":"info","message":"POST /api/auth/login","service":"webfixer-api"}
{"level":"info","message":"DELETE /api/admin/users/4bccd240-286b-40b8-8a65-c2f0197c02cf","service":"webfixer-api"}
{"level":"info","message":"POST /api/auth/register","service":"webfixer-api"}
{"level":"info","message":"POST /api/auth/login","service":"webfixer-api"}
{"level":"info","message":"POST /api/auth/register","service":"webfixer-api"}
{"level":"info","message":"POST /api/auth/login","service":"webfixer-api"}
{"level":"info","message":"DELETE /api/admin/users/ff0d7807-2c92-4f38-aa37-9874d4c07226","service":"webfixer-api"}
{"level":"info","message":"POST /api/auth/register","service":"webfixer-api"}
{"level":"info","message":"POST /api/auth/login","service":"webfixer-api"}
{"level":"info","message":"GET /api/audit/1780256240453/report/pdf","service":"webfixer-api"}
{"level":"info","message":"POST /api/auth/register","service":"webfixer-api"}
{"level":"info","message":"POST /api/auth/login","service":"webfixer-api"}
{"level":"info","message":"GET /api/audit/1780256240841/report/html","service":"webfixer-api"}
{"level":"info","message":"POST /api/auth/register","service":"webfixer-api"}
{"level":"info","message":"POST /api/auth/login","service":"webfixer-api"}
{"level":"info","message":"GET /api/audit/999999999/report/pdf","service":"webfixer-api"}
{"level":"info","message":"POST /api/auth/register","service":"webfixer-api"}
{"level":"info","message":"POST /api/auth/login","service":"webfixer-api"}
{"level":"info","message":"DELETE /api/audit/1780256241355","service":"webfixer-api"}
{"level":"info","message":"POST /api/auth/register","service":"webfixer-api"}
{"level":"info","message":"POST /api/auth/login","service":"webfixer-api"}
{"level":"info","message":"POST /api/auth/register","service":"webfixer-api"}
{"level":"info","message":"POST /api/auth/login","service":"webfixer-api"}
{"level":"info","message":"DELETE /api/audit/1780256241630","service":"webfixer-api"}
{"level":"info","message":"POST /api/auth/register","service":"webfixer-api"}
{"level":"info","message":"POST /api/auth/login","service":"webfixer-api"}
{"level":"info","message":"DELETE /api/audit/999999999","service":"webfixer-api"}
{"level":"info","message":"POST /api/auth/register","service":"webfixer-api"}
{"level":"info","message":"POST /api/auth/login","service":"webfixer-api"}
{"level":"info","message":"PATCH /api/audit/1780256242402/suggestions/rule1/accept","service":"webfixer-api"}
{"level":"info","message":"POST /api/auth/register","service":"webfixer-api"}
{"level":"info","message":"POST /api/auth/login","service":"webfixer-api"}
{"level":"info","message":"PATCH /api/audit/1780256242684/suggestions/rule1/reject","service":"webfixer-api"}
{"level":"info","message":"POST /api/auth/register","service":"webfixer-api"}
{"level":"info","message":"POST /api/auth/login","service":"webfixer-api"}
{"level":"info","message":"POST /api/auth/register","service":"webfixer-api"}
{"level":"info","message":"POST /api/auth/login","service":"webfixer-api"}
{"level":"info","message":"PATCH /api/audit/1780256242949/suggestions/rule1/accept","service":"webfixer-api"}
{"level":"info","message":"POST /api/auth/register","service":"webfixer-api"}
{"level":"info","message":"POST /api/auth/login","service":"webfixer-api"}
{"level":"info","message":"GET /api/recommendations/1780256243459","service":"webfixer-api"}
{"level":"info","message":"POST /api/auth/register","service":"webfixer-api"}
{"level":"info","message":"POST /api/auth/login","service":"webfixer-api"}
{"level":"info","message":"POST /api/auth/register","service":"webfixer-api"}
{"level":"info","message":"POST /api/auth/login","service":"webfixer-api"}
{"level":"info","message":"GET /api/recommendations/1780256243806","service":"webfixer-api"}
{"level":"info","message":"POST /api/auth/register","service":"webfixer-api"}
{"level":"info","message":"POST /api/auth/login","service":"webfixer-api"}
{"level":"info","message":"GET /api/recommendations/999999999","service":"webfixer-api"}
{"level":"info","message":"POST /api/auth/register","service":"webfixer-api"}
{"level":"info","message":"POST /api/auth/login","service":"webfixer-api"}
{"level":"info","message":"POST /api/marketplace/upload","service":"webfixer-api"}
{"level":"info","message":"POST /api/auth/register","service":"webfixer-api"}
{"level":"info","message":"POST /api/auth/login","service":"webfixer-api"}
{"level":"info","message":"POST /api/marketplace/upload","service":"webfixer-api"}
{"level":"info","message":"POST /api/auth/register","service":"webfixer-api"}
{"level":"info","message":"POST /api/auth/login","service":"webfixer-api"}
{"level":"info","message":"POST /api/marketplace/upload","service":"webfixer-api"}
{"level":"info","message":"POST /api/marketplace/upload","service":"webfixer-api"}
{"level":"info","message":"POST /api/auth/register","service":"webfixer-api"}
{"level":"info","message":"POST /api/auth/login","service":"webfixer-api"}
{"level":"info","message":"POST /api/marketplace/upload","service":"webfixer-api"}
{"level":"info","message":"POST /api/auth/register","service":"webfixer-api"}
{"level":"info","message":"POST /api/auth/login","service":"webfixer-api"}
{"level":"info","message":"POST /api/marketplace/upload","service":"webfixer-api"}
{"level":"info","message":"GET /api/marketplace/templates","service":"webfixer-api"}
{"level":"info","message":"POST /api/auth/register","service":"webfixer-api"}
{"level":"info","message":"POST /api/auth/login","service":"webfixer-api"}
{"level":"info","message":"POST /api/marketplace/upload","service":"webfixer-api"}
{"level":"info","message":"GET /api/marketplace/templates","service":"webfixer-api"}
{"level":"info","message":"POST /api/auth/register","service":"webfixer-api"}
{"level":"info","message":"POST /api/auth/login","service":"webfixer-api"}
{"level":"info","message":"POST /api/marketplace/upload","service":"webfixer-api"}
{"level":"info","message":"GET /api/marketplace/templates/1780256246235/download","service":"webfixer-api"}
{"level":"info","message":"POST /api/auth/register","service":"webfixer-api"}
{"level":"info","message":"POST /api/auth/login","service":"webfixer-api"}
{"level":"info","message":"POST /api/marketplace/upload","service":"webfixer-api"}
{"level":"info","message":"POST /api/auth/register","service":"webfixer-api"}
{"level":"info","message":"POST /api/auth/login","service":"webfixer-api"}
{"level":"info","message":"GET /api/marketplace/templates/1780256246496/download","service":"webfixer-api"}
{"level":"info","message":"POST /api/auth/register","service":"webfixer-api"}
{"level":"info","message":"POST /api/auth/login","service":"webfixer-api"}
{"level":"info","message":"POST /api/marketplace/upload","service":"webfixer-api"}
{"level":"info","message":"POST /api/auth/register","service":"webfixer-api"}
{"level":"info","message":"POST /api/auth/login","service":"webfixer-api"}
{"level":"info","message":"POST /api/marketplace/templates/1780256247004/purchase","service":"webfixer-api"}
{"level":"info","message":"POST /api/auth/register","service":"webfixer-api"}
{"level":"info","message":"POST /api/auth/login","service":"webfixer-api"}
{"level":"info","message":"POST /api/marketplace/upload","service":"webfixer-api"}
{"level":"info","message":"POST /api/marketplace/templates/1780256247515/purchase","service":"webfixer-api"}
{"level":"info","message":"POST /api/auth/login","service":"webfixer-api"}
{"level":"info","message":"POST /api/auth/login","service":"webfixer-api"}
{"level":"info","message":"POST /api/auth/login","service":"webfixer-api"}
{"level":"info","message":"POST /api/auth/login","service":"webfixer-api"}
{"level":"info","message":"POST /api/auth/login","service":"webfixer-api"}
{"level":"info","message":"POST /api/auth/login","service":"webfixer-api"}
{"level":"info","message":"POST /api/auth/login","service":"webfixer-api"}
{"level":"info","message":"POST /api/auth/login","service":"webfixer-api"}
{"level":"info","message":"POST /api/auth/login","service":"webfixer-api"}
{"level":"info","message":"POST /api/auth/login","service":"webfixer-api"}
{"level":"info","message":"POST /api/auth/login","service":"webfixer-api"}
{"level":"info","message":"POST /api/auth/login","service":"webfixer-api"}
{"level":"info","message":"POST /api/auth/login","service":"webfixer-api"}
{"level":"info","message":"POST /api/auth/login","service":"webfixer-api"}
{"level":"info","message":"POST /api/auth/login","service":"webfixer-api"}
{"level":"info","message":"POST /api/auth/login","service":"webfixer-api"}
{"level":"info","message":"POST /api/auth/login","service":"webfixer-api"}
{"level":"info","message":"POST /api/auth/login","service":"webfixer-api"}
{"level":"info","message":"POST /api/auth/login","service":"webfixer-api"}
{"level":"info","message":"POST /api/auth/login","service":"webfixer-api"}
{"level":"info","message":"POST /api/auth/login","service":"webfixer-api"}
{"level":"info","message":"POST /api/auth/login","service":"webfixer-api"}
{"level":"info","message":"POST /api/auth/login","service":"webfixer-api"}
{"level":"info","message":"POST /api/auth/login","service":"webfixer-api"}
{"level":"info","message":"POST /api/auth/login","service":"webfixer-api"}
{"level":"info","message":"POST /api/auth/login","service":"webfixer-api"}
{"level":"info","message":"POST /api/auth/login","service":"webfixer-api"}
{"level":"info","message":"POST /api/auth/login","service":"webfixer-api"}
{"level":"info","message":"POST /api/auth/login","service":"webfixer-api"}
{"level":"info","message":"POST /api/auth/login","service":"webfixer-api"}
{"level":"info","message":"POST /api/auth/login","service":"webfixer-api"}
{"level":"info","message":"POST /api/auth/login","service":"webfixer-api"}
{"level":"info","message":"POST /api/auth/login","service":"webfixer-api"}
{"level":"info","message":"POST /api/auth/login","service":"webfixer-api"}
{"level":"info","message":"POST /api/auth/login","service":"webfixer-api"}
{"level":"info","message":"POST /api/auth/login","service":"webfixer-api"}
{"level":"info","message":"POST /api/auth/login","service":"webfixer-api"}
{"level":"info","message":"POST /api/auth/login","service":"webfixer-api"}
{"level":"info","message":"POST /api/auth/login","service":"webfixer-api"}
{"level":"info","message":"POST /api/auth/login","service":"webfixer-api"}
{"level":"info","message":"POST /api/auth/login","service":"webfixer-api"}
{"level":"info","message":"POST /api/auth/login","service":"webfixer-api"}
{"level":"info","message":"POST /api/auth/login","service":"webfixer-api"}
{"level":"info","message":"POST /api/auth/login","service":"webfixer-api"}
{"level":"info","message":"POST /api/auth/login","service":"webfixer-api"}
{"level":"info","message":"POST /api/auth/login","service":"webfixer-api"}
{"level":"info","message":"POST /api/auth/login","service":"webfixer-api"}
{"level":"info","message":"POST /api/auth/login","service":"webfixer-api"}
{"level":"info","message":"POST /api/auth/login","service":"webfixer-api"}
{"level":"info","message":"POST /api/auth/login","service":"webfixer-api"}
{"level":"info","message":"POST /api/auth/login","service":"webfixer-api"}
{"level":"info","message":"POST /api/auth/login","service":"webfixer-api"}
{"level":"info","message":"POST /api/auth/login","service":"webfixer-api"}
{"level":"info","message":"POST /api/auth/login","service":"webfixer-api"}
{"level":"info","message":"POST /api/auth/login","service":"webfixer-api"}
{"level":"info","message":"POST /api/auth/login","service":"webfixer-api"}
{"level":"info","message":"POST /api/auth/login","service":"webfixer-api"}
{"level":"info","message":"POST /api/auth/login","service":"webfixer-api"}
{"level":"info","message":"POST /api/auth/login","service":"webfixer-api"}
{"level":"info","message":"POST /api/auth/login","service":"webfixer-api"}
{"level":"info","message":"POST /api/auth/login","service":"webfixer-api"}
{"level":"info","message":"POST /api/auth/login","service":"webfixer-api"}
{"level":"info","message":"POST /api/auth/login","service":"webfixer-api"}
{"level":"info","message":"POST /api/auth/login","service":"webfixer-api"}
{"level":"info","message":"POST /api/auth/login","service":"webfixer-api"}
{"level":"info","message":"POST /api/auth/login","service":"webfixer-api"}
{"level":"info","message":"POST /api/auth/login","service":"webfixer-api"}
{"level":"info","message":"POST /api/auth/login","service":"webfixer-api"}
{"level":"info","message":"POST /api/auth/login","service":"webfixer-api"}
{"level":"info","message":"POST /api/auth/login","service":"webfixer-api"}
{"level":"info","message":"POST /api/auth/login","service":"webfixer-api"}
{"level":"info","message":"POST /api/auth/login","service":"webfixer-api"}
{"level":"info","message":"POST /api/auth/login","service":"webfixer-api"}
{"level":"info","message":"POST /api/auth/login","service":"webfixer-api"}
{"level":"info","message":"POST /api/auth/login","service":"webfixer-api"}
{"level":"info","message":"POST /api/auth/login","service":"webfixer-api"}
{"level":"info","message":"POST /api/auth/login","service":"webfixer-api"}
{"level":"info","message":"POST /api/auth/login","service":"webfixer-api"}
{"level":"info","message":"POST /api/auth/login","service":"webfixer-api"}
{"level":"info","message":"POST /api/auth/login","service":"webfixer-api"}
{"level":"info","message":"POST /api/auth/login","service":"webfixer-api"}
{"level":"info","message":"POST /api/auth/login","service":"webfixer-api"}
{"level":"info","message":"POST /api/auth/login","service":"webfixer-api"}
{"level":"info","message":"POST /api/auth/login","service":"webfixer-api"}
{"level":"info","message":"POST /api/auth/login","service":"webfixer-api"}
{"level":"info","message":"POST /api/auth/login","service":"webfixer-api"}
{"level":"info","message":"POST /api/auth/login","service":"webfixer-api"}
{"level":"info","message":"POST /api/auth/login","service":"webfixer-api"}
{"level":"info","message":"POST /api/auth/login","service":"webfixer-api"}
{"level":"info","message":"POST /api/auth/login","service":"webfixer-api"}
{"level":"info","message":"Using Memory store for rate limiting (no REDIS_URL provided)","service":"webfixer-api"}
{"level":"info","message":"\n🚀 Auditor API running at http://localhost:5000","service":"webfixer-api"}
{"level":"info","message":"   Try: http://localhost:5000/audit?url=https://example.com","service":"webfixer-api"}
{"level":"info","message":"   AI Engine: http://localhost:8000\n","service":"webfixer-api"}
{"level":"info","message":"OPTIONS /api/user/profile","service":"webfixer-api"}
{"level":"info","message":"OPTIONS /health","service":"webfixer-api"}
{"level":"info","message":"GET /api/user/profile","service":"webfixer-api"}
{"level":"info","message":"GET /health","service":"webfixer-api"}
{"level":"info","message":"OPTIONS /api/auth/logout","service":"webfixer-api"}
{"level":"info","message":"POST /api/auth/logout","service":"webfixer-api"}
{"level":"info","message":"GET /health","service":"webfixer-api"}
{"level":"info","message":"OPTIONS /health","service":"webfixer-api"}
{"level":"info","message":"GET /health","service":"webfixer-api"}
{"level":"info","message":"OPTIONS /api/auth/login","service":"webfixer-api"}
{"level":"info","message":"POST /api/auth/login","service":"webfixer-api"}
{"level":"info","message":"GET /health","service":"webfixer-api"}
{"level":"info","message":"OPTIONS /health","service":"webfixer-api"}
{"level":"info","message":"OPTIONS /api/auth/login","service":"webfixer-api"}
{"level":"info","message":"POST /api/auth/login","service":"webfixer-api"}
{"level":"info","message":"GET /health","service":"webfixer-api"}
{"level":"info","message":"OPTIONS /api/user/profile","service":"webfixer-api"}
{"level":"info","message":"GET /api/user/profile","service":"webfixer-api"}
{"level":"info","message":"OPTIONS /api/marketplace/templates","service":"webfixer-api"}
{"level":"info","message":"GET /api/marketplace/templates","service":"webfixer-api"}
{"level":"info","message":"GET /health","service":"webfixer-api"}
{"level":"info","message":"OPTIONS /health","service":"webfixer-api"}
{"level":"info","message":"GET /health","service":"webfixer-api"}
{"level":"info","message":"GET /health","service":"webfixer-api"}
{"level":"info","message":"OPTIONS /health","service":"webfixer-api"}
{"level":"info","message":"GET /health","service":"webfixer-api"}
{"level":"info","message":"GET /health","service":"webfixer-api"}
{"level":"info","message":"OPTIONS /audit","service":"webfixer-api"}
{"level":"info","message":"GET /audit","service":"webfixer-api"}
{"level":"info","message":"[Audit] Delegating audit for https://kreate-ui.vercel.app/ to AI Engine (AI Fix: false)...","service":"webfixer-api"}
{"level":"info","message":"OPTIONS /health","service":"webfixer-api"}
{"level":"info","message":"GET /health","service":"webfixer-api"}
{"level":"info","message":"GET /health","service":"webfixer-api"}
{"level":"info","message":"OPTIONS /health","service":"webfixer-api"}
{"level":"info","message":"GET /health","service":"webfixer-api"}
{"level":"info","message":"GET /health","service":"webfixer-api"}
{"level":"info","message":"[Audit] AI Engine completed in 23406ms","service":"webfixer-api"}
{"level":"info","message":"OPTIONS /health","service":"webfixer-api"}
{"level":"info","message":"GET /health","service":"webfixer-api"}
{"level":"info","message":"GET /health","service":"webfixer-api"}
{"level":"info","message":"OPTIONS /health","service":"webfixer-api"}
{"level":"info","message":"GET /health","service":"webfixer-api"}
{"level":"info","message":"GET /health","service":"webfixer-api"}
{"level":"info","message":"OPTIONS /health","service":"webfixer-api"}
{"level":"info","message":"GET /health","service":"webfixer-api"}
{"level":"info","message":"OPTIONS /health","service":"webfixer-api"}
{"level":"info","message":"GET /health","service":"webfixer-api"}
{"level":"info","message":"OPTIONS /audit","service":"webfixer-api"}
{"level":"info","message":"GET /audit","service":"webfixer-api"}
{"level":"info","message":"[Audit] Delegating audit for https://kreate-ui.vercel.app/ to AI Engine (AI Fix: true)...","service":"webfixer-api"}
{"level":"info","message":"OPTIONS /health","service":"webfixer-api"}
{"level":"info","message":"GET /health","service":"webfixer-api"}
{"level":"info","message":"GET /health","service":"webfixer-api"}
{"level":"info","message":"[Audit] AI Engine completed in 9639ms","service":"webfixer-api"}
{"level":"info","message":"OPTIONS /health","service":"webfixer-api"}
{"level":"info","message":"GET /health","service":"webfixer-api"}
{"level":"info","message":"GET /health","service":"webfixer-api"}
{"level":"info","message":"OPTIONS /health","service":"webfixer-api"}
{"level":"info","message":"GET /health","service":"webfixer-api"}
{"level":"info","message":"GET /health","service":"webfixer-api"}
{"level":"info","message":"OPTIONS /health","service":"webfixer-api"}
{"level":"info","message":"GET /health","service":"webfixer-api"}
{"level":"info","message":"GET /health","service":"webfixer-api"}
{"level":"info","message":"OPTIONS /health","service":"webfixer-api"}
{"level":"info","message":"GET /health","service":"webfixer-api"}
{"level":"info","message":"OPTIONS /health","service":"webfixer-api"}
{"level":"info","message":"GET /health","service":"webfixer-api"}
{"level":"info","message":"GET /health","service":"webfixer-api"}
{"level":"info","message":"OPTIONS /health","service":"webfixer-api"}
{"level":"info","message":"GET /health","service":"webfixer-api"}
{"level":"info","message":"OPTIONS /api/user/profile","service":"webfixer-api"}
{"level":"info","message":"OPTIONS /health","service":"webfixer-api"}
{"level":"info","message":"OPTIONS /api/marketplace/templates","service":"webfixer-api"}
{"level":"info","message":"GET /api/marketplace/templates","service":"webfixer-api"}
{"level":"info","message":"OPTIONS /health","service":"webfixer-api"}
{"level":"info","message":"GET /health","service":"webfixer-api"}
{"level":"info","message":"OPTIONS /health","service":"webfixer-api"}
{"level":"info","message":"GET /health","service":"webfixer-api"}
{"level":"info","message":"GET /health","service":"webfixer-api"}
{"level":"info","message":"OPTIONS /health","service":"webfixer-api"}
{"level":"info","message":"GET /health","service":"webfixer-api"}
{"level":"info","message":"OPTIONS /audit","service":"webfixer-api"}
{"level":"info","message":"GET /audit","service":"webfixer-api"}
{"level":"info","message":"[Audit] Delegating audit for https://kreate-ui.vercel.app/ to AI Engine (AI Fix: true)...","service":"webfixer-api"}
{"level":"info","message":"GET /health","service":"webfixer-api"}
{"level":"info","message":"[Audit] AI Engine completed in 8173ms","service":"webfixer-api"}
{"level":"info","message":"OPTIONS /health","service":"webfixer-api"}
{"level":"info","message":"GET /health","service":"webfixer-api"}
{"level":"info","message":"GET /health","service":"webfixer-api"}
{"level":"info","message":"OPTIONS /health","service":"webfixer-api"}
{"level":"info","message":"GET /health","service":"webfixer-api"}
{"level":"info","message":"GET /health","service":"webfixer-api"}
{"level":"info","message":"OPTIONS /health","service":"webfixer-api"}
{"level":"info","message":"GET /health","service":"webfixer-api"}
{"level":"info","message":"OPTIONS /api/user/profile","service":"webfixer-api"}
{"level":"info","message":"GET /health","service":"webfixer-api"}
{"level":"info","message":"GET /api/user/profile","service":"webfixer-api"}
{"level":"info","message":"OPTIONS /api/marketplace/templates","service":"webfixer-api"}
{"level":"info","message":"GET /api/marketplace/templates","service":"webfixer-api"}
{"level":"info","message":"OPTIONS /health","service":"webfixer-api"}
{"level":"info","message":"GET /health","service":"webfixer-api"}
{"level":"info","message":"GET /health","service":"webfixer-api"}
{"level":"info","message":"OPTIONS /audit","service":"webfixer-api"}
{"level":"info","message":"GET /audit","service":"webfixer-api"}
{"level":"info","message":"[Audit] Delegating audit for https://kreate-ui.vercel.app/ to AI Engine (AI Fix: true)...","service":"webfixer-api"}
{"level":"info","message":"OPTIONS /health","service":"webfixer-api"}
{"level":"info","message":"GET /health","service":"webfixer-api"}
{"level":"info","message":"GET /health","service":"webfixer-api"}
{"level":"info","message":"OPTIONS /health","service":"webfixer-api"}
{"level":"info","message":"GET /health","service":"webfixer-api"}
{"level":"info","message":"GET /health","service":"webfixer-api"}
{"level":"info","message":"[Audit] AI Engine completed in 16985ms","service":"webfixer-api"}
{"level":"info","message":"OPTIONS /health","service":"webfixer-api"}
{"level":"info","message":"GET /health","service":"webfixer-api"}
{"level":"info","message":"OPTIONS /health","service":"webfixer-api"}
{"level":"info","message":"GET /health","service":"webfixer-api"}
{"level":"info","message":"OPTIONS /health","service":"webfixer-api"}
{"level":"info","message":"GET /health","service":"webfixer-api"}
{"level":"info","message":"GET /health","service":"webfixer-api"}
{"level":"info","message":"OPTIONS /health","service":"webfixer-api"}
{"level":"info","message":"GET /health","service":"webfixer-api"}
{"level":"info","message":"GET /health","service":"webfixer-api"}
{"level":"info","message":"OPTIONS /health","service":"webfixer-api"}
{"level":"info","message":"GET /health","service":"webfixer-api"}
{"level":"info","message":"OPTIONS /health","service":"webfixer-api"}
{"level":"info","message":"GET /health","service":"webfixer-api"}
{"level":"info","message":"OPTIONS /health","service":"webfixer-api"}
{"level":"info","message":"GET /health","service":"webfixer-api"}
{"level":"info","message":"GET /health","service":"webfixer-api"}
{"level":"info","message":"OPTIONS /health","service":"webfixer-api"}
{"level":"info","message":"GET /health","service":"webfixer-api"}
{"level":"info","message":"GET /health","service":"webfixer-api"}
{"level":"info","message":"OPTIONS /health","service":"webfixer-api"}
{"level":"info","message":"GET /health","service":"webfixer-api"}
{"level":"info","message":"OPTIONS /health","service":"webfixer-api"}
{"level":"info","message":"GET /health","service":"webfixer-api"}
{"level":"info","message":"GET /health","service":"webfixer-api"}
{"level":"info","message":"OPTIONS /audit","service":"webfixer-api"}
{"level":"info","message":"GET /audit","service":"webfixer-api"}
{"level":"info","message":"[Audit] Delegating audit for https://kreate-ui.vercel.app/ to AI Engine (AI Fix: true)...","service":"webfixer-api"}
{"level":"info","message":"OPTIONS /health","service":"webfixer-api"}
{"level":"info","message":"GET /health","service":"webfixer-api"}
{"level":"info","message":"OPTIONS /health","service":"webfixer-api"}
{"level":"info","message":"GET /health","service":"webfixer-api"}
{"level":"info","message":"[Audit] AI Engine completed in 7186ms","service":"webfixer-api"}
{"level":"info","message":"OPTIONS /health","service":"webfixer-api"}
{"level":"info","message":"GET /health","service":"webfixer-api"}
{"level":"info","message":"GET /health","service":"webfixer-api"}
{"level":"info","message":"OPTIONS /health","service":"webfixer-api"}
{"level":"info","message":"GET /health","service":"webfixer-api"}
{"level":"info","message":"OPTIONS /health","service":"webfixer-api"}
{"level":"info","message":"GET /health","service":"webfixer-api"}
{"level":"info","message":"GET /health","service":"webfixer-api"}
{"level":"info","message":"OPTIONS /health","service":"webfixer-api"}
{"level":"info","message":"GET /health","service":"webfixer-api"}
{"level":"info","message":"OPTIONS /health","service":"webfixer-api"}
{"level":"info","message":"GET /health","service":"webfixer-api"}
{"level":"info","message":"OPTIONS /health","service":"webfixer-api"}
{"level":"info","message":"GET /health","service":"webfixer-api"}
{"level":"info","message":"GET /health","service":"webfixer-api"}
{"level":"info","message":"OPTIONS /health","service":"webfixer-api"}
{"level":"info","message":"GET /health","service":"webfixer-api"}
{"level":"info","message":"OPTIONS /audit","service":"webfixer-api"}
{"level":"info","message":"GET /audit","service":"webfixer-api"}
{"level":"info","message":"[Audit] Delegating audit for https://google.com to AI Engine (AI Fix: true)...","service":"webfixer-api"}
{"level":"info","message":"OPTIONS /health","service":"webfixer-api"}
{"level":"info","message":"GET /health","service":"webfixer-api"}
{"level":"info","message":"GET /health","service":"webfixer-api"}
{"level":"info","message":"OPTIONS /health","service":"webfixer-api"}
{"level":"info","message":"GET /health","service":"webfixer-api"}
{"level":"info","message":"[Audit] AI Engine completed in 13160ms","service":"webfixer-api"}
{"level":"info","message":"GET /health","service":"webfixer-api"}
{"level":"info","message":"OPTIONS /health","service":"webfixer-api"}
{"level":"info","message":"GET /health","service":"webfixer-api"}
{"level":"info","message":"GET /health","service":"webfixer-api"}
{"level":"info","message":"OPTIONS /health","service":"webfixer-api"}
{"level":"info","message":"GET /health","service":"webfixer-api"}
{"level":"info","message":"GET /health","service":"webfixer-api"}
{"level":"info","message":"OPTIONS /health","service":"webfixer-api"}
{"level":"info","message":"GET /health","service":"webfixer-api"}
{"level":"info","message":"OPTIONS /health","service":"webfixer-api"}
{"level":"info","message":"GET /health","service":"webfixer-api"}
{"level":"info","message":"GET /health","service":"webfixer-api"}
{"level":"info","message":"OPTIONS /health","service":"webfixer-api"}
{"level":"info","message":"GET /health","service":"webfixer-api"}
{"level":"info","message":"GET /health","service":"webfixer-api"}
{"level":"info","message":"OPTIONS /health","service":"webfixer-api"}
{"level":"info","message":"GET /health","service":"webfixer-api"}
